<?xml version="1.0" encoding="UTF-8"?>
<!-- Generated by org.testng.reporters.JUnitXMLReporter -->
<testsuite hostname="DESKTOP-8FP5O0L" failures="1" tests="2" name="Error Validatios Tests" time="43.818" errors="0" timestamp="23 Mar 2024 12:44:37 GMT">
  <testcase classname="SeleniumFrameworkDesign.ErrorValidations" name="loginErrorValidation" time="1.479">
    <failure type="java.lang.AssertionError" message="expected [Incorrect email or password.] but found [Incorrect email  password.]">
      <![CDATA[java.lang.AssertionError: expected [Incorrect email or password.] but found [Incorrect email  password.]
	at SeleniumFrameworkDesign.ErrorValidations.loginErrorValidation(ErrorValidations.java:38)
	at java.base/java.util.concurrent.FutureTask.run(FutureTask.java:264)
	at java.base/java.util.concurrent.ThreadPoolExecutor.runWorker(ThreadPoolExecutor.java:1136)
	at java.base/java.util.concurrent.ThreadPoolExecutor$Worker.run(ThreadPoolExecutor.java:635)
	at java.base/java.lang.Thread.run(Thread.java:840)
... Removed 21 stack frames]]>
    </failure>
  </testcase> <!-- loginErrorValidation -->
  <testcase classname="SeleniumFrameworkDesign.ErrorValidations" name="productErrorValidation" time="12.349"/>
</testsuite> <!-- Error Validatios Tests -->
